-----------------------------------------------
Coordinates of template with ideal con geometry
-----------------------------------------------
   0.000   0.000   0.000
   0.000   0.000   3.000
   0.000   3.000   0.000
   1.732   1.732   1.732
  -3.000   0.000   0.000
   3.000   0.000   0.000
   0.000  -3.000   0.000
---------------------------------------------
Coordinates of the fitted metal site and RMSD
---------------------------------------------
   0.000   0.000   0.000   0.000
  -1.279   0.431   2.679   1.387
  -0.639   2.931  -0.040   0.644
   2.530   0.950   1.303   1.196
  -2.633  -0.247  -1.416   1.484
   2.245   0.115  -1.987   2.128
  -0.088  -2.987  -0.268   0.282
--------------------
Total RMSD:   1.328
--------------------
