-----------------------------------------------
Coordinates of template with ideal cof geometry
-----------------------------------------------
   0.000   0.000   0.000
   0.000   0.000  -3.000
   0.000  -3.000   0.000
   3.000   0.000   0.000
  -3.000   0.000   0.000
   1.732   1.732   1.732
   0.000   3.000   0.000
---------------------------------------------
Coordinates of the fitted metal site and RMSD
---------------------------------------------
   0.000   0.000   0.000   0.000
  -0.122  -0.854  -2.873   0.872
  -0.053  -2.993   0.205   0.212
   2.959  -0.442  -0.225   0.498
  -2.963  -0.260   0.388   0.469
   1.356   0.496   2.630   1.573
  -0.732   2.904  -0.173   0.759
--------------------
Total RMSD:   0.849
--------------------
