-----------------------------------------------
Coordinates of template with ideal ctf geometry
-----------------------------------------------
   0.000   0.000   0.000
  -1.964   1.964  -1.134
   0.000   0.000  -3.000
   1.964   1.964  -1.134
  -1.964  -1.964  -1.134
   1.964   0.000   2.268
  -1.964   0.000   2.268
---------------------------------------------
Coordinates of the fitted metal site and RMSD
---------------------------------------------
   0.000   0.000   0.000   0.000
  -1.749   1.831  -1.609   0.538
   0.928  -0.504  -2.808   1.073
   2.035   2.201  -0.121   1.043
  -1.736  -2.394  -0.505   0.795
   2.547  -0.826   1.352   1.364
  -1.430  -0.083   2.636   0.654
--------------------
Total RMSD:   0.953
--------------------
