-----------------------------------------------
Coordinates of template with ideal ctn geometry
-----------------------------------------------
   0.000   0.000   0.000
  -1.964  -1.964  -1.134
   0.000   0.000  -3.000
  -1.964   1.964  -1.134
   1.964  -1.964  -1.134
   1.964   1.964  -1.134
   1.964   0.000   2.268
---------------------------------------------
Coordinates of the fitted metal site and RMSD
---------------------------------------------
   0.000   0.000   0.000   0.000
  -2.370  -1.839  -0.012   1.200
  -0.518  -0.386  -2.930   0.650
  -1.997   2.215  -0.321   0.852
   1.961  -2.235  -0.399   0.784
   1.379   2.653  -0.246   1.266
   0.978  -0.249   2.825   1.160
--------------------
Total RMSD:   1.013
--------------------
