-----------------------------------------------
Coordinates of template with ideal oct geometry
-----------------------------------------------
   0.000   0.000   0.000
   3.000   0.000   0.000
   0.000   0.000  -3.000
   0.000  -3.000   0.000
   0.000   3.000   0.000
  -3.000   0.000   0.000
   0.000   0.000   3.000
---------------------------------------------
Coordinates of the fitted metal site and RMSD
---------------------------------------------
   0.000   0.000   0.000   0.000
   2.945  -0.398  -0.410   0.574
   0.279   0.176  -2.982   0.330
  -0.250  -2.934  -0.572   0.628
   0.202   2.990  -0.145   0.249
  -2.877  -0.850   0.022   0.859
  -0.153   0.604   2.935   0.626
--------------------
Total RMSD:   0.581
--------------------
