-----------------------------------------------
Coordinates of template with ideal pva geometry
-----------------------------------------------
   0.000   0.000   0.000
   3.000   0.000   0.000
   0.000   0.000   3.000
   0.000   2.853   0.927
   0.000  -2.853   0.927
   0.000   1.763  -2.427
   0.000  -1.763  -2.427
---------------------------------------------
Coordinates of the fitted metal site and RMSD
---------------------------------------------
   0.000   0.000   0.000   0.000
   2.754  -0.293   1.153   1.215
  -0.454   0.501   2.923   0.680
   0.570   2.945  -0.034   1.121
  -0.788  -2.807   0.706   0.820
  -2.383   1.536  -0.981   2.796
   0.314  -1.250  -2.709   0.664
--------------------
Total RMSD:   1.422
--------------------
