-----------------------------------------------
Coordinates of template with ideal pvp geometry
-----------------------------------------------
   0.000   0.000   0.000
   3.000   0.000   0.000
   0.000  -2.853   0.927
   0.000   0.000   3.000
   0.000  -1.763  -2.427
  -3.000   0.000   0.000
   0.000   1.763  -2.427
---------------------------------------------
Coordinates of the fitted metal site and RMSD
---------------------------------------------
   0.000   0.000   0.000   0.000
   2.947  -0.152   0.543   0.566
   0.308  -2.733   1.198   0.427
  -0.261   0.821   2.874   0.871
   0.221  -1.485  -2.597   0.394
  -2.882   0.374   0.745   0.842
  -0.177   2.338  -1.871   0.819
--------------------
Total RMSD:   0.683
--------------------
