-----------------------------------------------
Coordinates of template with ideal tpr geometry
-----------------------------------------------
   0.000   0.000   0.000
   1.964  -1.964  -1.134
   1.964   0.000   2.268
   1.964   1.964  -1.134
  -1.964   0.000   2.268
  -1.964   1.964  -1.134
  -1.964  -1.964  -1.134
---------------------------------------------
Coordinates of the fitted metal site and RMSD
---------------------------------------------
   0.000   0.000   0.000   0.000
   2.187  -2.053  -0.033   1.127
   1.859   0.985   2.139   0.999
   1.794   1.616  -1.781   0.754
  -1.421  -1.291   2.305   1.401
  -1.235   2.661  -0.627   1.129
  -2.181  -1.377  -1.532   0.742
--------------------
Total RMSD:   1.051
--------------------
